2019-07-14 14:49:14.293  INFO 17020 --- [main] com.moesome.spike.Temp                   : Starting Temp on DESKTOP-73F2SK6 with PID 17020 (started by xiao in C:\Users\xiao\spike)
2019-07-14 14:49:14.305  INFO 17020 --- [main] com.moesome.spike.Temp                   : No active profile set, falling back to default profiles: default
2019-07-14 14:52:24.258  INFO 3328 --- [main] com.moesome.spike.SpikeApplication       : Starting SpikeApplication on DESKTOP-73F2SK6 with PID 3328 (C:\Users\xiao\spike\target\classes started by xiao in C:\Users\xiao\spike)
2019-07-14 14:52:24.262  INFO 3328 --- [main] com.moesome.spike.SpikeApplication       : No active profile set, falling back to default profiles: default
2019-07-14 14:52:25.523  INFO 3328 --- [main] .s.d.r.c.RepositoryConfigurationDelegate : Multiple Spring Data modules found, entering strict repository configuration mode!
2019-07-14 14:52:25.527  INFO 3328 --- [main] .s.d.r.c.RepositoryConfigurationDelegate : Bootstrapping Spring Data repositories in DEFAULT mode.
2019-07-14 14:52:25.571  INFO 3328 --- [main] .s.d.r.c.RepositoryConfigurationDelegate : Finished Spring Data repository scanning in 26ms. Found 0 repository interfaces.
2019-07-14 14:52:25.903  INFO 3328 --- [main] trationDelegate$BeanPostProcessorChecker : Bean 'org.springframework.retry.annotation.RetryConfiguration' of type [org.springframework.retry.annotation.RetryConfiguration$$EnhancerBySpringCGLIB$$e1ac12ed] is not eligible for getting processed by all BeanPostProcessors (for example: not eligible for auto-proxying)
2019-07-14 14:52:25.933  INFO 3328 --- [main] trationDelegate$BeanPostProcessorChecker : Bean 'org.springframework.transaction.annotation.ProxyTransactionManagementConfiguration' of type [org.springframework.transaction.annotation.ProxyTransactionManagementConfiguration$$EnhancerBySpringCGLIB$$ebe87ac8] is not eligible for getting processed by all BeanPostProcessors (for example: not eligible for auto-proxying)
2019-07-14 14:52:26.793  INFO 3328 --- [main] o.s.b.w.embedded.tomcat.TomcatWebServer  : Tomcat initialized with port(s): 8081 (http)
2019-07-14 14:52:26.818  INFO 3328 --- [main] o.apache.catalina.core.StandardService   : Starting service [Tomcat]
2019-07-14 14:52:26.819  INFO 3328 --- [main] org.apache.catalina.core.StandardEngine  : Starting Servlet engine: [Apache Tomcat/9.0.17]
2019-07-14 14:52:26.928  INFO 3328 --- [main] o.a.c.c.C.[Tomcat].[localhost].[/]       : Initializing Spring embedded WebApplicationContext
2019-07-14 14:52:26.929  INFO 3328 --- [main] o.s.web.context.ContextLoader            : Root WebApplicationContext: initialization completed in 2589 ms
2019-07-14 14:52:28.262  INFO 3328 --- [main] o.s.s.concurrent.ThreadPoolTaskExecutor  : Initializing ExecutorService 'applicationTaskExecutor'
2019-07-14 14:52:29.518  INFO 3328 --- [main] com.alibaba.druid.pool.DruidDataSource   : {dataSource-1} inited
2019-07-14 14:52:29.724  INFO 3328 --- [main] io.lettuce.core.EpollProvider            : Starting without optional epoll library
2019-07-14 14:52:29.725  INFO 3328 --- [main] io.lettuce.core.KqueueProvider           : Starting without optional kqueue library
2019-07-14 14:52:32.470  INFO 3328 --- [main] o.s.s.c.ThreadPoolTaskScheduler          : Initializing ExecutorService 'taskScheduler'
2019-07-14 14:52:32.561  INFO 3328 --- [main] o.s.a.r.c.CachingConnectionFactory       : Attempting to connect to: [localhost:5672]
2019-07-14 14:52:32.623  INFO 3328 --- [main] o.s.a.r.c.CachingConnectionFactory       : Created new connection: rabbitConnectionFactory#25d93198:0/SimpleConnection@2f9b21d6 [delegate=amqp://guest@127.0.0.1:5672/, localPort= 14433]
2019-07-14 14:52:32.715  INFO 3328 --- [main] o.s.b.w.embedded.tomcat.TomcatWebServer  : Tomcat started on port(s): 8081 (http) with context path ''
2019-07-14 14:52:32.718  INFO 3328 --- [main] com.moesome.spike.SpikeApplication       : Started SpikeApplication in 8.929 seconds (JVM running for 10.328)
2019-07-14 14:54:12.534  INFO 3328 --- [http-nio-8081-exec-1] o.apache.tomcat.util.http.parser.Cookie  : A cookie header was received [1562486344,1562500967,1562942234] that contained an invalid cookie. That cookie will be ignored.
 Note: further occurrences of this error will be logged at DEBUG level.
2019-07-14 14:54:12.545  INFO 3328 --- [http-nio-8081-exec-1] o.a.c.c.C.[Tomcat].[localhost].[/]       : Initializing Spring DispatcherServlet 'dispatcherServlet'
2019-07-14 14:54:12.546  INFO 3328 --- [http-nio-8081-exec-1] o.s.web.servlet.DispatcherServlet        : Initializing Servlet 'dispatcherServlet'
2019-07-14 14:54:12.557  INFO 3328 --- [http-nio-8081-exec-1] o.s.web.servlet.DispatcherServlet        : Completed initialization in 10 ms
2019-07-14 16:15:15.385  INFO 1888 --- [main] com.moesome.spike.SpikeApplication       : Starting SpikeApplication on DESKTOP-73F2SK6 with PID 1888 (C:\Users\xiao\spike\target\classes started by xiao in C:\Users\xiao\spike)
2019-07-14 16:15:15.388  INFO 1888 --- [main] com.moesome.spike.SpikeApplication       : No active profile set, falling back to default profiles: default
2019-07-14 16:15:16.726  INFO 1888 --- [main] .s.d.r.c.RepositoryConfigurationDelegate : Multiple Spring Data modules found, entering strict repository configuration mode!
2019-07-14 16:15:16.729  INFO 1888 --- [main] .s.d.r.c.RepositoryConfigurationDelegate : Bootstrapping Spring Data repositories in DEFAULT mode.
2019-07-14 16:15:16.769  INFO 1888 --- [main] .s.d.r.c.RepositoryConfigurationDelegate : Finished Spring Data repository scanning in 26ms. Found 0 repository interfaces.
2019-07-14 16:15:17.176  INFO 1888 --- [main] trationDelegate$BeanPostProcessorChecker : Bean 'org.springframework.retry.annotation.RetryConfiguration' of type [org.springframework.retry.annotation.RetryConfiguration$$EnhancerBySpringCGLIB$$297affd1] is not eligible for getting processed by all BeanPostProcessors (for example: not eligible for auto-proxying)
2019-07-14 16:15:17.224  INFO 1888 --- [main] trationDelegate$BeanPostProcessorChecker : Bean 'org.springframework.transaction.annotation.ProxyTransactionManagementConfiguration' of type [org.springframework.transaction.annotation.ProxyTransactionManagementConfiguration$$EnhancerBySpringCGLIB$$33b767ac] is not eligible for getting processed by all BeanPostProcessors (for example: not eligible for auto-proxying)
2019-07-14 16:15:17.553  INFO 1888 --- [main] o.s.b.w.embedded.tomcat.TomcatWebServer  : Tomcat initialized with port(s): 8081 (http)
2019-07-14 16:15:17.581  INFO 1888 --- [main] o.apache.catalina.core.StandardService   : Starting service [Tomcat]
2019-07-14 16:15:17.581  INFO 1888 --- [main] org.apache.catalina.core.StandardEngine  : Starting Servlet engine: [Apache Tomcat/9.0.17]
2019-07-14 16:15:17.710  INFO 1888 --- [main] o.a.c.c.C.[Tomcat].[localhost].[/]       : Initializing Spring embedded WebApplicationContext
2019-07-14 16:15:17.711  INFO 1888 --- [main] o.s.web.context.ContextLoader            : Root WebApplicationContext: initialization completed in 2268 ms
2019-07-14 16:15:18.575  INFO 1888 --- [main] o.s.s.concurrent.ThreadPoolTaskExecutor  : Initializing ExecutorService 'applicationTaskExecutor'
2019-07-14 16:15:19.353  INFO 1888 --- [main] com.alibaba.druid.pool.DruidDataSource   : {dataSource-1} inited
2019-07-14 16:15:19.550  INFO 1888 --- [main] io.lettuce.core.EpollProvider            : Starting without optional epoll library
2019-07-14 16:15:19.552  INFO 1888 --- [main] io.lettuce.core.KqueueProvider           : Starting without optional kqueue library
2019-07-14 16:15:21.898  INFO 1888 --- [main] o.s.s.c.ThreadPoolTaskScheduler          : Initializing ExecutorService 'taskScheduler'
2019-07-14 16:15:21.994  INFO 1888 --- [main] o.s.a.r.c.CachingConnectionFactory       : Attempting to connect to: [localhost:5672]
2019-07-14 16:15:22.036  INFO 1888 --- [main] o.s.a.r.c.CachingConnectionFactory       : Created new connection: rabbitConnectionFactory#6724cdec:0/SimpleConnection@7d2c345d [delegate=amqp://guest@127.0.0.1:5672/, localPort= 2119]
2019-07-14 16:15:22.123  INFO 1888 --- [main] o.s.b.w.embedded.tomcat.TomcatWebServer  : Tomcat started on port(s): 8081 (http) with context path ''
2019-07-14 16:15:22.127  INFO 1888 --- [main] com.moesome.spike.SpikeApplication       : Started SpikeApplication in 7.237 seconds (JVM running for 8.563)
2019-07-14 16:17:08.862  INFO 1888 --- [http-nio-8081-exec-1] o.apache.tomcat.util.http.parser.Cookie  : A cookie header was received [1562486344,1562500967,1562942234] that contained an invalid cookie. That cookie will be ignored.
 Note: further occurrences of this error will be logged at DEBUG level.
2019-07-14 16:17:08.871  INFO 1888 --- [http-nio-8081-exec-1] o.a.c.c.C.[Tomcat].[localhost].[/]       : Initializing Spring DispatcherServlet 'dispatcherServlet'
2019-07-14 16:17:08.871  INFO 1888 --- [http-nio-8081-exec-1] o.s.web.servlet.DispatcherServlet        : Initializing Servlet 'dispatcherServlet'
2019-07-14 16:17:08.882  INFO 1888 --- [http-nio-8081-exec-1] o.s.web.servlet.DispatcherServlet        : Completed initialization in 10 ms
2019-07-14 16:18:12.635  INFO 17328 --- [main] com.moesome.spike.SpikeApplication       : Starting SpikeApplication on DESKTOP-73F2SK6 with PID 17328 (C:\Users\xiao\spike\target\classes started by xiao in C:\Users\xiao\spike)
2019-07-14 16:18:12.639  INFO 17328 --- [main] com.moesome.spike.SpikeApplication       : No active profile set, falling back to default profiles: default
2019-07-14 16:18:13.367  INFO 17328 --- [main] .s.d.r.c.RepositoryConfigurationDelegate : Multiple Spring Data modules found, entering strict repository configuration mode!
2019-07-14 16:18:13.369  INFO 17328 --- [main] .s.d.r.c.RepositoryConfigurationDelegate : Bootstrapping Spring Data repositories in DEFAULT mode.
2019-07-14 16:18:13.404  INFO 17328 --- [main] .s.d.r.c.RepositoryConfigurationDelegate : Finished Spring Data repository scanning in 22ms. Found 0 repository interfaces.
2019-07-14 16:18:13.694  INFO 17328 --- [main] trationDelegate$BeanPostProcessorChecker : Bean 'org.springframework.retry.annotation.RetryConfiguration' of type [org.springframework.retry.annotation.RetryConfiguration$$EnhancerBySpringCGLIB$$c6880218] is not eligible for getting processed by all BeanPostProcessors (for example: not eligible for auto-proxying)
2019-07-14 16:18:13.720  INFO 17328 --- [main] trationDelegate$BeanPostProcessorChecker : Bean 'org.springframework.transaction.annotation.ProxyTransactionManagementConfiguration' of type [org.springframework.transaction.annotation.ProxyTransactionManagementConfiguration$$EnhancerBySpringCGLIB$$d0c469f3] is not eligible for getting processed by all BeanPostProcessors (for example: not eligible for auto-proxying)
2019-07-14 16:18:13.989  INFO 17328 --- [main] o.s.b.w.embedded.tomcat.TomcatWebServer  : Tomcat initialized with port(s): 8081 (http)
2019-07-14 16:18:14.010  INFO 17328 --- [main] o.apache.catalina.core.StandardService   : Starting service [Tomcat]
2019-07-14 16:18:14.011  INFO 17328 --- [main] org.apache.catalina.core.StandardEngine  : Starting Servlet engine: [Apache Tomcat/9.0.17]
2019-07-14 16:18:14.107  INFO 17328 --- [main] o.a.c.c.C.[Tomcat].[localhost].[/]       : Initializing Spring embedded WebApplicationContext
2019-07-14 16:18:14.107  INFO 17328 --- [main] o.s.web.context.ContextLoader            : Root WebApplicationContext: initialization completed in 1407 ms
2019-07-14 16:18:14.893  INFO 17328 --- [main] o.s.s.concurrent.ThreadPoolTaskExecutor  : Initializing ExecutorService 'applicationTaskExecutor'
2019-07-14 16:18:15.562  INFO 17328 --- [main] com.alibaba.druid.pool.DruidDataSource   : {dataSource-1} inited
2019-07-14 16:18:15.737  INFO 17328 --- [main] io.lettuce.core.EpollProvider            : Starting without optional epoll library
2019-07-14 16:18:15.738  INFO 17328 --- [main] io.lettuce.core.KqueueProvider           : Starting without optional kqueue library
2019-07-14 16:18:18.265  INFO 17328 --- [main] o.s.s.c.ThreadPoolTaskScheduler          : Initializing ExecutorService 'taskScheduler'
2019-07-14 16:18:18.351  INFO 17328 --- [main] o.s.a.r.c.CachingConnectionFactory       : Attempting to connect to: [localhost:5672]
2019-07-14 16:18:18.384  INFO 17328 --- [main] o.s.a.r.c.CachingConnectionFactory       : Created new connection: rabbitConnectionFactory#62e93c3a:0/SimpleConnection@31a136a6 [delegate=amqp://guest@127.0.0.1:5672/, localPort= 2252]
2019-07-14 16:18:18.458  INFO 17328 --- [main] o.s.b.w.embedded.tomcat.TomcatWebServer  : Tomcat started on port(s): 8081 (http) with context path ''
2019-07-14 16:18:18.461  INFO 17328 --- [main] com.moesome.spike.SpikeApplication       : Started SpikeApplication in 6.249 seconds (JVM running for 7.386)
2019-07-14 16:18:21.010  INFO 17328 --- [http-nio-8081-exec-1] o.apache.tomcat.util.http.parser.Cookie  : A cookie header was received [1562486344,1562500967,1562942234] that contained an invalid cookie. That cookie will be ignored.
 Note: further occurrences of this error will be logged at DEBUG level.
2019-07-14 16:18:21.022  INFO 17328 --- [http-nio-8081-exec-1] o.a.c.c.C.[Tomcat].[localhost].[/]       : Initializing Spring DispatcherServlet 'dispatcherServlet'
2019-07-14 16:18:21.022  INFO 17328 --- [http-nio-8081-exec-1] o.s.web.servlet.DispatcherServlet        : Initializing Servlet 'dispatcherServlet'
2019-07-14 16:18:21.033  INFO 17328 --- [http-nio-8081-exec-1] o.s.web.servlet.DispatcherServlet        : Completed initialization in 10 ms
2019-07-14 18:40:47.509  INFO 12192 --- [main] com.moesome.spike.SpikeApplication       : Starting SpikeApplication on DESKTOP-73F2SK6 with PID 12192 (C:\Users\xiao\spike\target\classes started by xiao in C:\Users\xiao\spike)
2019-07-14 18:40:47.512  INFO 12192 --- [main] com.moesome.spike.SpikeApplication       : No active profile set, falling back to default profiles: default
2019-07-14 18:40:48.378  INFO 12192 --- [main] .s.d.r.c.RepositoryConfigurationDelegate : Multiple Spring Data modules found, entering strict repository configuration mode!
2019-07-14 18:40:48.382  INFO 12192 --- [main] .s.d.r.c.RepositoryConfigurationDelegate : Bootstrapping Spring Data repositories in DEFAULT mode.
2019-07-14 18:40:48.426  INFO 12192 --- [main] .s.d.r.c.RepositoryConfigurationDelegate : Finished Spring Data repository scanning in 27ms. Found 0 repository interfaces.
2019-07-14 18:40:48.740  INFO 12192 --- [main] trationDelegate$BeanPostProcessorChecker : Bean 'org.springframework.retry.annotation.RetryConfiguration' of type [org.springframework.retry.annotation.RetryConfiguration$$EnhancerBySpringCGLIB$$5596dfad] is not eligible for getting processed by all BeanPostProcessors (for example: not eligible for auto-proxying)
2019-07-14 18:40:48.768  INFO 12192 --- [main] trationDelegate$BeanPostProcessorChecker : Bean 'org.springframework.transaction.annotation.ProxyTransactionManagementConfiguration' of type [org.springframework.transaction.annotation.ProxyTransactionManagementConfiguration$$EnhancerBySpringCGLIB$$5fd34788] is not eligible for getting processed by all BeanPostProcessors (for example: not eligible for auto-proxying)
2019-07-14 19:25:31.485  INFO 10532 --- [main] com.moesome.spike.SpikeApplicationTest   : Starting SpikeApplicationTest on DESKTOP-73F2SK6 with PID 10532 (started by xiao in C:\Users\xiao\spike)
2019-07-14 19:25:31.487  INFO 10532 --- [main] com.moesome.spike.SpikeApplicationTest   : No active profile set, falling back to default profiles: default
2019-07-14 19:25:32.675  INFO 10532 --- [main] .s.d.r.c.RepositoryConfigurationDelegate : Multiple Spring Data modules found, entering strict repository configuration mode!
2019-07-14 19:25:32.680  INFO 10532 --- [main] .s.d.r.c.RepositoryConfigurationDelegate : Bootstrapping Spring Data repositories in DEFAULT mode.
2019-07-14 19:25:32.735  INFO 10532 --- [main] .s.d.r.c.RepositoryConfigurationDelegate : Finished Spring Data repository scanning in 34ms. Found 0 repository interfaces.
2019-07-14 19:25:33.266  INFO 10532 --- [main] trationDelegate$BeanPostProcessorChecker : Bean 'org.springframework.retry.annotation.RetryConfiguration' of type [org.springframework.retry.annotation.RetryConfiguration$$EnhancerBySpringCGLIB$$f6542640] is not eligible for getting processed by all BeanPostProcessors (for example: not eligible for auto-proxying)
2019-07-14 19:25:33.297  INFO 10532 --- [main] trationDelegate$BeanPostProcessorChecker : Bean 'org.springframework.transaction.annotation.ProxyTransactionManagementConfiguration' of type [org.springframework.transaction.annotation.ProxyTransactionManagementConfiguration$$EnhancerBySpringCGLIB$$908e1b] is not eligible for getting processed by all BeanPostProcessors (for example: not eligible for auto-proxying)
2019-07-14 19:25:35.872  INFO 10532 --- [main] o.s.s.concurrent.ThreadPoolTaskExecutor  : Initializing ExecutorService 'applicationTaskExecutor'
2019-07-14 19:25:36.967  INFO 10532 --- [main] com.alibaba.druid.pool.DruidDataSource   : {dataSource-1} inited
2019-07-14 19:25:37.303  INFO 10532 --- [main] io.lettuce.core.EpollProvider            : Starting without optional epoll library
2019-07-14 19:25:37.306  INFO 10532 --- [main] io.lettuce.core.KqueueProvider           : Starting without optional kqueue library
2019-07-14 19:25:41.263  INFO 10532 --- [main] o.s.s.c.ThreadPoolTaskScheduler          : Initializing ExecutorService 'taskScheduler'
2019-07-14 19:25:41.377  INFO 10532 --- [main] o.s.a.r.c.CachingConnectionFactory       : Attempting to connect to: [localhost:5672]
2019-07-14 19:25:41.488  INFO 10532 --- [main] o.s.a.r.c.CachingConnectionFactory       : Created new connection: rabbitConnectionFactory#47406941:0/SimpleConnection@6eede35e [delegate=amqp://guest@127.0.0.1:5672/, localPort= 9166]
2019-07-14 19:25:41.657  INFO 10532 --- [main] com.moesome.spike.SpikeApplicationTest   : Started SpikeApplicationTest in 10.489 seconds (JVM running for 12.958)
2019-07-14 19:25:42.826  INFO 10532 --- [Thread-3] o.s.a.r.l.SimpleMessageListenerContainer : Waiting for workers to finish.
2019-07-14 19:25:43.640  INFO 10532 --- [Thread-3] o.s.a.r.l.SimpleMessageListenerContainer : Successfully waited for workers to finish.
2019-07-14 19:25:43.642  INFO 10532 --- [Thread-3] o.s.a.r.l.SimpleMessageListenerContainer : Waiting for workers to finish.
2019-07-14 19:25:43.644  INFO 10532 --- [Thread-3] o.s.a.r.l.SimpleMessageListenerContainer : Successfully waited for workers to finish.
2019-07-14 19:25:43.647  INFO 10532 --- [Thread-3] o.s.s.c.ThreadPoolTaskScheduler          : Shutting down ExecutorService 'taskScheduler'
2019-07-14 19:25:43.653  INFO 10532 --- [Thread-3] o.s.a.r.l.SimpleMessageListenerContainer : Shutdown ignored - container is not active already
2019-07-14 19:25:43.653  INFO 10532 --- [Thread-3] o.s.a.r.l.SimpleMessageListenerContainer : Shutdown ignored - container is not active already
2019-07-14 19:25:43.654  INFO 10532 --- [Thread-3] o.s.s.concurrent.ThreadPoolTaskExecutor  : Shutting down ExecutorService 'applicationTaskExecutor'
2019-07-14 19:25:43.663  INFO 10532 --- [Thread-3] com.alibaba.druid.pool.DruidDataSource   : {dataSource-1} closed
2019-07-14 19:27:27.951  INFO 15548 --- [main] com.moesome.spike.SpikeApplicationTest   : Starting SpikeApplicationTest on DESKTOP-73F2SK6 with PID 15548 (started by xiao in C:\Users\xiao\spike)
2019-07-14 19:27:27.954  INFO 15548 --- [main] com.moesome.spike.SpikeApplicationTest   : No active profile set, falling back to default profiles: default
2019-07-14 19:27:29.143  INFO 15548 --- [main] .s.d.r.c.RepositoryConfigurationDelegate : Multiple Spring Data modules found, entering strict repository configuration mode!
2019-07-14 19:27:29.149  INFO 15548 --- [main] .s.d.r.c.RepositoryConfigurationDelegate : Bootstrapping Spring Data repositories in DEFAULT mode.
2019-07-14 19:27:29.212  INFO 15548 --- [main] .s.d.r.c.RepositoryConfigurationDelegate : Finished Spring Data repository scanning in 41ms. Found 0 repository interfaces.
2019-07-14 19:27:29.782  INFO 15548 --- [main] trationDelegate$BeanPostProcessorChecker : Bean 'org.springframework.retry.annotation.RetryConfiguration' of type [org.springframework.retry.annotation.RetryConfiguration$$EnhancerBySpringCGLIB$$e2a3c4e3] is not eligible for getting processed by all BeanPostProcessors (for example: not eligible for auto-proxying)
2019-07-14 19:27:29.809  INFO 15548 --- [main] trationDelegate$BeanPostProcessorChecker : Bean 'org.springframework.transaction.annotation.ProxyTransactionManagementConfiguration' of type [org.springframework.transaction.annotation.ProxyTransactionManagementConfiguration$$EnhancerBySpringCGLIB$$ece02cbe] is not eligible for getting processed by all BeanPostProcessors (for example: not eligible for auto-proxying)
2019-07-14 19:27:31.735  INFO 15548 --- [main] o.s.s.concurrent.ThreadPoolTaskExecutor  : Initializing ExecutorService 'applicationTaskExecutor'
2019-07-14 19:27:32.687  INFO 15548 --- [main] com.alibaba.druid.pool.DruidDataSource   : {dataSource-1} inited
2019-07-14 19:27:33.003  INFO 15548 --- [main] io.lettuce.core.EpollProvider            : Starting without optional epoll library
2019-07-14 19:27:33.006  INFO 15548 --- [main] io.lettuce.core.KqueueProvider           : Starting without optional kqueue library
2019-07-14 19:27:36.826  INFO 15548 --- [main] o.s.s.c.ThreadPoolTaskScheduler          : Initializing ExecutorService 'taskScheduler'
2019-07-14 19:27:36.911  INFO 15548 --- [main] o.s.a.r.c.CachingConnectionFactory       : Attempting to connect to: [localhost:5672]
2019-07-14 19:27:36.998  INFO 15548 --- [main] o.s.a.r.c.CachingConnectionFactory       : Created new connection: rabbitConnectionFactory#656922a0:0/SimpleConnection@184afb78 [delegate=amqp://guest@127.0.0.1:5672/, localPort= 9328]
2019-07-14 19:27:37.079  INFO 15548 --- [main] com.moesome.spike.SpikeApplicationTest   : Started SpikeApplicationTest in 9.508 seconds (JVM running for 10.813)
2019-07-14 19:27:48.825  INFO 15548 --- [Thread-3] o.s.a.r.l.SimpleMessageListenerContainer : Waiting for workers to finish.
2019-07-14 19:27:49.816  INFO 15548 --- [Thread-3] o.s.a.r.l.SimpleMessageListenerContainer : Successfully waited for workers to finish.
2019-07-14 19:27:49.820  INFO 15548 --- [Thread-3] o.s.a.r.l.SimpleMessageListenerContainer : Waiting for workers to finish.
2019-07-14 19:27:50.480  INFO 15548 --- [Thread-3] o.s.a.r.l.SimpleMessageListenerContainer : Successfully waited for workers to finish.
2019-07-14 19:27:50.486  INFO 15548 --- [Thread-3] o.s.s.c.ThreadPoolTaskScheduler          : Shutting down ExecutorService 'taskScheduler'
2019-07-14 19:27:50.498  INFO 15548 --- [Thread-3] o.s.a.r.l.SimpleMessageListenerContainer : Shutdown ignored - container is not active already
2019-07-14 19:27:50.499  INFO 15548 --- [Thread-3] o.s.a.r.l.SimpleMessageListenerContainer : Shutdown ignored - container is not active already
2019-07-14 19:27:50.501  INFO 15548 --- [Thread-3] o.s.s.concurrent.ThreadPoolTaskExecutor  : Shutting down ExecutorService 'applicationTaskExecutor'
2019-07-14 19:27:50.516  INFO 15548 --- [Thread-3] com.alibaba.druid.pool.DruidDataSource   : {dataSource-1} closed
